<?xml version="1.0" encoding="UTF-8"?>
<!-- Generated by org.testng.reporters.JUnitXMLReporter -->
<testsuite ignored="2" hostname="DESKTOP-O0V7CVE" failures="0" tests="2" name="Test" time="50.527" errors="0" timestamp="2025-07-24T18:55:10 IST">
  <testcase classname="testCases.TC003_DDT" name="verify_dataDriveTest" time="17.79"/>
  <testcase classname="testCases.TC003_DDT" name="verify_dataDriveTest" time="17.66"/>
  <testcase classname="testCases.TC002_HandleRadioButtonCheckBox" name="handleRadioButtonCheckBox" time="0.0">
    <ignored/>
  </testcase> <!-- handleRadioButtonCheckBox -->
  <testcase classname="testCases.TC001_HomePageTest" name="verifyHomePage" time="0.0">
    <ignored/>
  </testcase> <!-- verifyHomePage -->
</testsuite> <!-- Test -->
