<?xml version="1.0" encoding="UTF-8"?>
<!-- Generated by org.testng.reporters.JUnitXMLReporter -->
<testsuite ignored="0" hostname="SunilSReddy" failures="0" tests="4" name="Test" time="73.913" errors="0" timestamp="2025-09-02T01:11:28 IST">
  <testcase classname="testCases.TC003_DDT" name="verify_FirstTest" time="3.98"/>
  <testcase classname="testCases.TC003_DDT" name="verify_FirstTest" time="3.368"/>
  <testcase classname="testCases.TC003_DDT" name="verify_FirstTest" time="22.345"/>
  <testcase classname="testCases.TC003_DDT" name="verify_FirstTest" time="18.592"/>
</testsuite> <!-- Test -->
