<?xml version="1.0" encoding="UTF-8"?>
<!-- Generated by org.testng.reporters.JUnitXMLReporter -->
<testsuite ignored="0" hostname="SunilSReddy" failures="0" tests="4" name="Test" time="46.943" errors="0" timestamp="2025-09-02T23:53:02 IST">
  <testcase classname="testCases.TC003_DDT" name="verify_FirstTest" time="3.121"/>
  <testcase classname="testCases.TC003_DDT" name="verify_FirstTest" time="3.007"/>
  <testcase classname="testCases.TC003_DDT" name="verify_FirstTest" time="16.192"/>
  <testcase classname="testCases.TC003_DDT" name="verify_FirstTest" time="15.552"/>
</testsuite> <!-- Test -->
