<?xml version="1.0" encoding="UTF-8"?>
<testng-results ignored="0" total="4" passed="4" failed="0" skipped="0">
  <reporter-output>
  </reporter-output>
  <suite started-at="2025-08-30T21:29:29 IST" name="Suite" finished-at="2025-08-30T21:30:13 IST" duration-ms="43993">
    <groups>
      <group name="Master">
        <method signature="TC003_DDT.verify_FirstTest(java.lang.String,java.lang.String,java.lang.String,java.lang.String,java.lang.String,java.lang.String,java.lang.String,java.lang.String,java.lang.String)[pri:0, instance:testCases.TC003_DDT@797cf65c]" name="verify_FirstTest" class="testCases.TC003_DDT"/>
      </group> <!-- Master -->
      <group name="Regression">
        <method signature="TC003_DDT.verify_FirstTest(java.lang.String,java.lang.String,java.lang.String,java.lang.String,java.lang.String,java.lang.String,java.lang.String,java.lang.String,java.lang.String)[pri:0, instance:testCases.TC003_DDT@797cf65c]" name="verify_FirstTest" class="testCases.TC003_DDT"/>
      </group> <!-- Regression -->
    </groups>
    <test started-at="2025-08-30T21:29:29 IST" name="Test" finished-at="2025-08-30T21:30:13 IST" duration-ms="43993">
      <class name="testCases.TC003_DDT">
        <test-method is-config="true" signature="setup(java.lang.String,java.lang.String)[pri:0, instance:testCases.TC003_DDT@797cf65c]" started-at="2025-08-30T21:29:30 IST" name="setup" finished-at="2025-08-30T21:29:35 IST" duration-ms="5726" status="PASS">
          <params>
            <param index="0">
              <value>
                <![CDATA[Windows]]>
              </value>
            </param>
            <param index="1">
              <value>
                <![CDATA[chrome]]>
              </value>
            </param>
          </params>
          <reporter-output>
          </reporter-output>
        </test-method> <!-- setup -->
        <test-method signature="verify_FirstTest(java.lang.String,java.lang.String,java.lang.String,java.lang.String,java.lang.String,java.lang.String,java.lang.String,java.lang.String,java.lang.String)[pri:0, instance:testCases.TC003_DDT@797cf65c]" started-at="2025-08-30T21:29:37 IST" name="verify_FirstTest" data-provider="excelData" finished-at="2025-08-30T21:29:39 IST" duration-ms="2911" status="PASS">
          <params>
            <param index="0">
              <value is-null="true"/>
            </param>
            <param index="1">
              <value is-null="true"/>
            </param>
            <param index="2">
              <value is-null="true"/>
            </param>
            <param index="3">
              <value is-null="true"/>
            </param>
            <param index="4">
              <value is-null="true"/>
            </param>
            <param index="5">
              <value is-null="true"/>
            </param>
            <param index="6">
              <value is-null="true"/>
            </param>
            <param index="7">
              <value is-null="true"/>
            </param>
            <param index="8">
              <value is-null="true"/>
            </param>
          </params>
          <reporter-output>
          </reporter-output>
        </test-method> <!-- verify_FirstTest -->
        <test-method signature="verify_FirstTest(java.lang.String,java.lang.String,java.lang.String,java.lang.String,java.lang.String,java.lang.String,java.lang.String,java.lang.String,java.lang.String)[pri:0, instance:testCases.TC003_DDT@797cf65c]" started-at="2025-08-30T21:29:39 IST" name="verify_FirstTest" data-provider="excelData" finished-at="2025-08-30T21:29:42 IST" duration-ms="2785" status="PASS">
          <params>
            <param index="0">
              <value is-null="true"/>
            </param>
            <param index="1">
              <value is-null="true"/>
            </param>
            <param index="2">
              <value is-null="true"/>
            </param>
            <param index="3">
              <value is-null="true"/>
            </param>
            <param index="4">
              <value is-null="true"/>
            </param>
            <param index="5">
              <value is-null="true"/>
            </param>
            <param index="6">
              <value is-null="true"/>
            </param>
            <param index="7">
              <value is-null="true"/>
            </param>
            <param index="8">
              <value is-null="true"/>
            </param>
          </params>
          <reporter-output>
          </reporter-output>
        </test-method> <!-- verify_FirstTest -->
        <test-method signature="verify_FirstTest(java.lang.String,java.lang.String,java.lang.String,java.lang.String,java.lang.String,java.lang.String,java.lang.String,java.lang.String,java.lang.String)[pri:0, instance:testCases.TC003_DDT@797cf65c]" started-at="2025-08-30T21:29:42 IST" name="verify_FirstTest" data-provider="excelData" finished-at="2025-08-30T21:29:57 IST" duration-ms="15215" status="PASS">
          <params>
            <param index="0">
              <value>
                <![CDATA[bob1]]>
              </value>
            </param>
            <param index="1">
              <value>
                <![CDATA[test1@mail.com]]>
              </value>
            </param>
            <param index="2">
              <value>
                <![CDATA[testphone1]]>
              </value>
            </param>
            <param index="3">
              <value>
                <![CDATA[Male]]>
              </value>
            </param>
            <param index="4">
              <value>
                <![CDATA[Sunday]]>
              </value>
            </param>
            <param index="5">
              <value>
                <![CDATA[India]]>
              </value>
            </param>
            <param index="6">
              <value>
                <![CDATA[test12345]]>
              </value>
            </param>
            <param index="7">
              <value>
                <![CDATA[test45678]]>
              </value>
            </param>
            <param index="8">
              <value>
                <![CDATA[08/26/205]]>
              </value>
            </param>
          </params>
          <reporter-output>
          </reporter-output>
        </test-method> <!-- verify_FirstTest -->
        <test-method signature="verify_FirstTest(java.lang.String,java.lang.String,java.lang.String,java.lang.String,java.lang.String,java.lang.String,java.lang.String,java.lang.String,java.lang.String)[pri:0, instance:testCases.TC003_DDT@797cf65c]" started-at="2025-08-30T21:29:57 IST" name="verify_FirstTest" data-provider="excelData" finished-at="2025-08-30T21:30:12 IST" duration-ms="15040" status="PASS">
          <params>
            <param index="0">
              <value>
                <![CDATA[bob2]]>
              </value>
            </param>
            <param index="1">
              <value>
                <![CDATA[test2@mail.com]]>
              </value>
            </param>
            <param index="2">
              <value>
                <![CDATA[testphone2]]>
              </value>
            </param>
            <param index="3">
              <value>
                <![CDATA[Male]]>
              </value>
            </param>
            <param index="4">
              <value>
                <![CDATA[Sunday]]>
              </value>
            </param>
            <param index="5">
              <value>
                <![CDATA[China]]>
              </value>
            </param>
            <param index="6">
              <value>
                <![CDATA[testabcd]]>
              </value>
            </param>
            <param index="7">
              <value>
                <![CDATA[testefgh]]>
              </value>
            </param>
            <param index="8">
              <value>
                <![CDATA[08/30/206]]>
              </value>
            </param>
          </params>
          <reporter-output>
          </reporter-output>
        </test-method> <!-- verify_FirstTest -->
        <test-method is-config="true" signature="tearDown()[pri:0, instance:testCases.TC003_DDT@797cf65c]" started-at="2025-08-30T21:30:12 IST" name="tearDown" finished-at="2025-08-30T21:30:13 IST" duration-ms="891" status="PASS">
          <reporter-output>
          </reporter-output>
        </test-method> <!-- tearDown -->
      </class> <!-- testCases.TC003_DDT -->
    </test> <!-- Test -->
  </suite> <!-- Suite -->
</testng-results>
