<?xml version="1.0" encoding="UTF-8"?>
<testng-results ignored="0" total="4" passed="4" failed="0" skipped="0">
  <reporter-output>
  </reporter-output>
  <suite started-at="2025-08-31T20:25:03 IST" name="Suite" finished-at="2025-08-31T20:25:37 IST" duration-ms="34034">
    <groups>
      <group name="Master">
        <method signature="TC003_DDT.verify_FirstTest(java.lang.String,java.lang.String,java.lang.String,java.lang.String,java.lang.String,java.lang.String,java.lang.String,java.lang.String,java.lang.String)[pri:0, instance:testCases.TC003_DDT@302a07d]" name="verify_FirstTest" class="testCases.TC003_DDT"/>
      </group> <!-- Master -->
      <group name="Regression">
        <method signature="TC003_DDT.verify_FirstTest(java.lang.String,java.lang.String,java.lang.String,java.lang.String,java.lang.String,java.lang.String,java.lang.String,java.lang.String,java.lang.String)[pri:0, instance:testCases.TC003_DDT@302a07d]" name="verify_FirstTest" class="testCases.TC003_DDT"/>
      </group> <!-- Regression -->
    </groups>
    <test started-at="2025-08-31T20:25:03 IST" name="Test" finished-at="2025-08-31T20:25:37 IST" duration-ms="34034">
      <class name="testCases.TC003_DDT">
        <test-method is-config="true" signature="setup(java.lang.String,java.lang.String)[pri:0, instance:testCases.TC003_DDT@302a07d]" started-at="2025-08-31T20:25:03 IST" name="setup" finished-at="2025-08-31T20:25:10 IST" duration-ms="6749" status="PASS">
          <params>
            <param index="0">
              <value>
                <![CDATA[Windows]]>
              </value>
            </param>
            <param index="1">
              <value>
                <![CDATA[chrome]]>
              </value>
            </param>
          </params>
          <reporter-output>
          </reporter-output>
        </test-method> <!-- setup -->
        <test-method signature="verify_FirstTest(java.lang.String,java.lang.String,java.lang.String,java.lang.String,java.lang.String,java.lang.String,java.lang.String,java.lang.String,java.lang.String)[pri:0, instance:testCases.TC003_DDT@302a07d]" started-at="2025-08-31T20:25:11 IST" name="verify_FirstTest" data-provider="excelData" finished-at="2025-08-31T20:25:14 IST" duration-ms="3588" status="PASS">
          <params>
            <param index="0">
              <value is-null="true"/>
            </param>
            <param index="1">
              <value is-null="true"/>
            </param>
            <param index="2">
              <value is-null="true"/>
            </param>
            <param index="3">
              <value is-null="true"/>
            </param>
            <param index="4">
              <value is-null="true"/>
            </param>
            <param index="5">
              <value is-null="true"/>
            </param>
            <param index="6">
              <value is-null="true"/>
            </param>
            <param index="7">
              <value is-null="true"/>
            </param>
            <param index="8">
              <value is-null="true"/>
            </param>
          </params>
          <reporter-output>
          </reporter-output>
        </test-method> <!-- verify_FirstTest -->
        <test-method signature="verify_FirstTest(java.lang.String,java.lang.String,java.lang.String,java.lang.String,java.lang.String,java.lang.String,java.lang.String,java.lang.String,java.lang.String)[pri:0, instance:testCases.TC003_DDT@302a07d]" started-at="2025-08-31T20:25:15 IST" name="verify_FirstTest" data-provider="excelData" finished-at="2025-08-31T20:25:18 IST" duration-ms="3326" status="PASS">
          <params>
            <param index="0">
              <value is-null="true"/>
            </param>
            <param index="1">
              <value is-null="true"/>
            </param>
            <param index="2">
              <value is-null="true"/>
            </param>
            <param index="3">
              <value is-null="true"/>
            </param>
            <param index="4">
              <value is-null="true"/>
            </param>
            <param index="5">
              <value is-null="true"/>
            </param>
            <param index="6">
              <value is-null="true"/>
            </param>
            <param index="7">
              <value is-null="true"/>
            </param>
            <param index="8">
              <value is-null="true"/>
            </param>
          </params>
          <reporter-output>
          </reporter-output>
        </test-method> <!-- verify_FirstTest -->
        <test-method signature="verify_FirstTest(java.lang.String,java.lang.String,java.lang.String,java.lang.String,java.lang.String,java.lang.String,java.lang.String,java.lang.String,java.lang.String)[pri:0, instance:testCases.TC003_DDT@302a07d]" started-at="2025-08-31T20:25:18 IST" name="verify_FirstTest" data-provider="excelData" finished-at="2025-08-31T20:25:27 IST" duration-ms="9317" status="PASS">
          <params>
            <param index="0">
              <value>
                <![CDATA[bob1]]>
              </value>
            </param>
            <param index="1">
              <value>
                <![CDATA[test1@mail.com]]>
              </value>
            </param>
            <param index="2">
              <value>
                <![CDATA[testphone1]]>
              </value>
            </param>
            <param index="3">
              <value>
                <![CDATA[Male]]>
              </value>
            </param>
            <param index="4">
              <value>
                <![CDATA[Sunday]]>
              </value>
            </param>
            <param index="5">
              <value>
                <![CDATA[India]]>
              </value>
            </param>
            <param index="6">
              <value>
                <![CDATA[]]>
              </value>
            </param>
            <param index="7">
              <value>
                <![CDATA[N-9876]]>
              </value>
            </param>
            <param index="8">
              <value>
                <![CDATA[08/26/205]]>
              </value>
            </param>
          </params>
          <reporter-output>
          </reporter-output>
        </test-method> <!-- verify_FirstTest -->
        <test-method signature="verify_FirstTest(java.lang.String,java.lang.String,java.lang.String,java.lang.String,java.lang.String,java.lang.String,java.lang.String,java.lang.String,java.lang.String)[pri:0, instance:testCases.TC003_DDT@302a07d]" started-at="2025-08-31T20:25:27 IST" name="verify_FirstTest" data-provider="excelData" finished-at="2025-08-31T20:25:36 IST" duration-ms="9153" status="PASS">
          <params>
            <param index="0">
              <value>
                <![CDATA[bob2]]>
              </value>
            </param>
            <param index="1">
              <value>
                <![CDATA[test2@mail.com]]>
              </value>
            </param>
            <param index="2">
              <value>
                <![CDATA[testphone2]]>
              </value>
            </param>
            <param index="3">
              <value>
                <![CDATA[Male]]>
              </value>
            </param>
            <param index="4">
              <value>
                <![CDATA[Sunday]]>
              </value>
            </param>
            <param index="5">
              <value>
                <![CDATA[China]]>
              </value>
            </param>
            <param index="6">
              <value>
                <![CDATA[]]>
              </value>
            </param>
            <param index="7">
              <value>
                <![CDATA[N-7867]]>
              </value>
            </param>
            <param index="8">
              <value>
                <![CDATA[08/30/206]]>
              </value>
            </param>
          </params>
          <reporter-output>
          </reporter-output>
        </test-method> <!-- verify_FirstTest -->
        <test-method is-config="true" signature="tearDown()[pri:0, instance:testCases.TC003_DDT@302a07d]" started-at="2025-08-31T20:25:36 IST" name="tearDown" finished-at="2025-08-31T20:25:37 IST" duration-ms="442" status="PASS">
          <reporter-output>
          </reporter-output>
        </test-method> <!-- tearDown -->
      </class> <!-- testCases.TC003_DDT -->
    </test> <!-- Test -->
  </suite> <!-- Suite -->
</testng-results>
