<?xml version="1.0" encoding="UTF-8"?>
<testng-results ignored="0" total="2" passed="2" failed="0" skipped="0">
  <reporter-output>
  </reporter-output>
  <suite started-at="2025-07-24T18:54:19 IST" name="Suite" finished-at="2025-07-24T18:55:09 IST" duration-ms="50527">
    <groups>
      <group name="Master">
        <method signature="TC003_DDT.verify_dataDriveTest(java.lang.String,java.lang.String,java.lang.String,java.lang.String,java.lang.String)[pri:0, instance:testCases.TC003_DDT@1c3b9394]" name="verify_dataDriveTest" class="testCases.TC003_DDT"/>
      </group> <!-- Master -->
      <group name="Regression">
        <method signature="TC003_DDT.verify_dataDriveTest(java.lang.String,java.lang.String,java.lang.String,java.lang.String,java.lang.String)[pri:0, instance:testCases.TC003_DDT@1c3b9394]" name="verify_dataDriveTest" class="testCases.TC003_DDT"/>
      </group> <!-- Regression -->
    </groups>
    <test started-at="2025-07-24T18:54:19 IST" name="Test" finished-at="2025-07-24T18:55:09 IST" duration-ms="50527">
      <class name="testCases.TC003_DDT">
        <test-method is-config="true" signature="setup(java.lang.String,java.lang.String)[pri:0, instance:testCases.TC003_DDT@1c3b9394]" started-at="2025-07-24T18:54:19 IST" name="setup" finished-at="2025-07-24T18:54:29 IST" duration-ms="10367" status="PASS">
          <params>
            <param index="0">
              <value>
                <![CDATA[Windows]]>
              </value>
            </param>
            <param index="1">
              <value>
                <![CDATA[chrome]]>
              </value>
            </param>
          </params>
          <reporter-output>
          </reporter-output>
        </test-method> <!-- setup -->
        <test-method signature="verify_dataDriveTest(java.lang.String,java.lang.String,java.lang.String,java.lang.String,java.lang.String)[pri:0, instance:testCases.TC003_DDT@1c3b9394]" started-at="2025-07-24T18:54:33 IST" name="verify_dataDriveTest" data-provider="excelData" finished-at="2025-07-24T18:54:51 IST" duration-ms="17790" status="PASS">
          <params>
            <param index="0">
              <value>
                <![CDATA[bob1]]>
              </value>
            </param>
            <param index="1">
              <value>
                <![CDATA[test1@mail.com]]>
              </value>
            </param>
            <param index="2">
              <value>
                <![CDATA[testphone1]]>
              </value>
            </param>
            <param index="3">
              <value>
                <![CDATA[Male]]>
              </value>
            </param>
            <param index="4">
              <value>
                <![CDATA[Sunday]]>
              </value>
            </param>
          </params>
          <reporter-output>
          </reporter-output>
        </test-method> <!-- verify_dataDriveTest -->
        <test-method signature="verify_dataDriveTest(java.lang.String,java.lang.String,java.lang.String,java.lang.String,java.lang.String)[pri:0, instance:testCases.TC003_DDT@1c3b9394]" started-at="2025-07-24T18:54:51 IST" name="verify_dataDriveTest" data-provider="excelData" finished-at="2025-07-24T18:55:08 IST" duration-ms="17660" status="PASS">
          <params>
            <param index="0">
              <value>
                <![CDATA[bobby2]]>
              </value>
            </param>
            <param index="1">
              <value>
                <![CDATA[test2@mail.com]]>
              </value>
            </param>
            <param index="2">
              <value>
                <![CDATA[testphone2]]>
              </value>
            </param>
            <param index="3">
              <value>
                <![CDATA[Female]]>
              </value>
            </param>
            <param index="4">
              <value>
                <![CDATA[Monday]]>
              </value>
            </param>
          </params>
          <reporter-output>
          </reporter-output>
        </test-method> <!-- verify_dataDriveTest -->
        <test-method is-config="true" signature="tearDown()[pri:0, instance:testCases.TC003_DDT@1c3b9394]" started-at="2025-07-24T18:55:08 IST" name="tearDown" finished-at="2025-07-24T18:55:09 IST" duration-ms="685" status="PASS">
          <reporter-output>
          </reporter-output>
        </test-method> <!-- tearDown -->
      </class> <!-- testCases.TC003_DDT -->
    </test> <!-- Test -->
  </suite> <!-- Suite -->
</testng-results>
